{"D:\\1. Develop\\2. ОБучение\\2. NodeJS\\2. Projects\\1. Buy_and_sell\\1805971-buy-and-sell-3\\src\\constants.js": {"path":"D:\\1. Develop\\2. ОБучение\\2. NodeJS\\2. Projects\\1. Buy_and_sell\\1805971-buy-and-sell-3\\src\\constants.js","statementMap":{"0":{"start":{"line":3,"column":24},"end":{"line":3,"column":34}},"1":{"start":{"line":4,"column":24},"end":{"line":4,"column":25}},"2":{"start":{"line":6,"column":17},"end":{"line":9,"column":1}},"3":{"start":{"line":11,"column":0},"end":{"line":13,"column":2}},"4":{"start":{"line":15,"column":0},"end":{"line":23,"column":2}},"5":{"start":{"line":25,"column":0},"end":{"line":25,"column":35}},"6":{"start":{"line":27,"column":0},"end":{"line":30,"column":2}}},"fnMap":{},"branchMap":{},"s":{"0":4,"1":4,"2":4,"3":4,"4":4,"5":4,"6":4},"f":{},"b":{},"_coverageSchema":"1a1c01bbd47fc00a2c39e90264f33305004495a9","hash":"cd097308099f9ed1b73d571ad117baf714e56e4e"}
,"D:\\1. Develop\\2. ОБучение\\2. NodeJS\\2. Projects\\1. Buy_and_sell\\1805971-buy-and-sell-3\\src\\service\\api\\category.js": {"path":"D:\\1. Develop\\2. ОБучение\\2. NodeJS\\2. Projects\\1. Buy_and_sell\\1805971-buy-and-sell-3\\src\\service\\api\\category.js","statementMap":{"0":{"start":{"line":3,"column":17},"end":{"line":3,"column":35}},"1":{"start":{"line":4,"column":19},"end":{"line":4,"column":45}},"2":{"start":{"line":6,"column":14},"end":{"line":6,"column":26}},"3":{"start":{"line":8,"column":0},"end":{"line":16,"column":2}},"4":{"start":{"line":9,"column":2},"end":{"line":9,"column":32}},"5":{"start":{"line":11,"column":2},"end":{"line":15,"column":5}},"6":{"start":{"line":12,"column":23},"end":{"line":12,"column":46}},"7":{"start":{"line":13,"column":4},"end":{"line":14,"column":24}}},"fnMap":{"0":{"name":"(anonymous_0)","decl":{"start":{"line":8,"column":17},"end":{"line":8,"column":18}},"loc":{"start":{"line":8,"column":35},"end":{"line":16,"column":1}},"line":8},"1":{"name":"(anonymous_1)","decl":{"start":{"line":11,"column":17},"end":{"line":11,"column":18}},"loc":{"start":{"line":11,"column":37},"end":{"line":15,"column":3}},"line":11}},"branchMap":{},"s":{"0":1,"1":1,"2":1,"3":1,"4":1,"5":1,"6":1,"7":1},"f":{"0":1,"1":1},"b":{},"_coverageSchema":"1a1c01bbd47fc00a2c39e90264f33305004495a9","hash":"3e32274cd6bbf5b9694bb8a338145688c2869ebb"}
,"D:\\1. Develop\\2. ОБучение\\2. NodeJS\\2. Projects\\1. Buy_and_sell\\1805971-buy-and-sell-3\\src\\service\\api\\comment.js": {"path":"D:\\1. Develop\\2. ОБучение\\2. NodeJS\\2. Projects\\1. Buy_and_sell\\1805971-buy-and-sell-3\\src\\service\\api\\comment.js","statementMap":{"0":{"start":{"line":3,"column":17},"end":{"line":3,"column":35}},"1":{"start":{"line":4,"column":19},"end":{"line":4,"column":45}},"2":{"start":{"line":6,"column":14},"end":{"line":6,"column":26}},"3":{"start":{"line":8,"column":0},"end":{"line":17,"column":2}},"4":{"start":{"line":9,"column":2},"end":{"line":9,"column":30}},"5":{"start":{"line":11,"column":2},"end":{"line":16,"column":5}},"6":{"start":{"line":12,"column":21},"end":{"line":12,"column":44}},"7":{"start":{"line":14,"column":4},"end":{"line":15,"column":20}}},"fnMap":{"0":{"name":"(anonymous_0)","decl":{"start":{"line":8,"column":17},"end":{"line":8,"column":18}},"loc":{"start":{"line":8,"column":35},"end":{"line":17,"column":1}},"line":8},"1":{"name":"(anonymous_1)","decl":{"start":{"line":11,"column":17},"end":{"line":11,"column":18}},"loc":{"start":{"line":11,"column":37},"end":{"line":16,"column":3}},"line":11}},"branchMap":{},"s":{"0":1,"1":1,"2":1,"3":1,"4":1,"5":1,"6":1,"7":1},"f":{"0":1,"1":1},"b":{},"_coverageSchema":"1a1c01bbd47fc00a2c39e90264f33305004495a9","hash":"3392bed76bfb5931585d5255896a2bf8cb93c7e0"}
,"D:\\1. Develop\\2. ОБучение\\2. NodeJS\\2. Projects\\1. Buy_and_sell\\1805971-buy-and-sell-3\\src\\service\\api\\offer.js": {"path":"D:\\1. Develop\\2. ОБучение\\2. NodeJS\\2. Projects\\1. Buy_and_sell\\1805971-buy-and-sell-3\\src\\service\\api\\offer.js","statementMap":{"0":{"start":{"line":3,"column":17},"end":{"line":3,"column":35}},"1":{"start":{"line":5,"column":19},"end":{"line":5,"column":45}},"2":{"start":{"line":6,"column":23},"end":{"line":6,"column":64}},"3":{"start":{"line":7,"column":19},"end":{"line":7,"column":57}},"4":{"start":{"line":8,"column":25},"end":{"line":8,"column":68}},"5":{"start":{"line":9,"column":21},"end":{"line":9,"column":60}},"6":{"start":{"line":12,"column":14},"end":{"line":12,"column":26}},"7":{"start":{"line":14,"column":0},"end":{"line":85,"column":2}},"8":{"start":{"line":15,"column":2},"end":{"line":15,"column":28}},"9":{"start":{"line":17,"column":2},"end":{"line":21,"column":5}},"10":{"start":{"line":18,"column":19},"end":{"line":18,"column":47}},"11":{"start":{"line":19,"column":4},"end":{"line":20,"column":20}},"12":{"start":{"line":23,"column":2},"end":{"line":28,"column":5}},"13":{"start":{"line":24,"column":18},"end":{"line":24,"column":47}},"14":{"start":{"line":26,"column":4},"end":{"line":27,"column":19}},"15":{"start":{"line":30,"column":2},"end":{"line":36,"column":5}},"16":{"start":{"line":31,"column":22},"end":{"line":31,"column":32}},"17":{"start":{"line":32,"column":18},"end":{"line":32,"column":56}},"18":{"start":{"line":34,"column":4},"end":{"line":35,"column":19}},"19":{"start":{"line":38,"column":2},"end":{"line":44,"column":5}},"20":{"start":{"line":39,"column":22},"end":{"line":39,"column":32}},"21":{"start":{"line":40,"column":18},"end":{"line":40,"column":44}},"22":{"start":{"line":42,"column":4},"end":{"line":43,"column":19}},"23":{"start":{"line":46,"column":2},"end":{"line":57,"column":5}},"24":{"start":{"line":47,"column":22},"end":{"line":47,"column":32}},"25":{"start":{"line":48,"column":18},"end":{"line":48,"column":47}},"26":{"start":{"line":50,"column":4},"end":{"line":53,"column":5}},"27":{"start":{"line":51,"column":6},"end":{"line":52,"column":43}},"28":{"start":{"line":55,"column":4},"end":{"line":56,"column":21}},"29":{"start":{"line":59,"column":2},"end":{"line":65,"column":5}},"30":{"start":{"line":60,"column":22},"end":{"line":60,"column":32}},"31":{"start":{"line":61,"column":20},"end":{"line":61,"column":57}},"32":{"start":{"line":63,"column":4},"end":{"line":64,"column":19}},"33":{"start":{"line":68,"column":2},"end":{"line":75,"column":5}},"34":{"start":{"line":69,"column":22},"end":{"line":69,"column":32}},"35":{"start":{"line":71,"column":20},"end":{"line":71,"column":66}},"36":{"start":{"line":73,"column":4},"end":{"line":74,"column":19}},"37":{"start":{"line":77,"column":2},"end":{"line":84,"column":5}},"38":{"start":{"line":78,"column":33},"end":{"line":78,"column":43}},"39":{"start":{"line":80,"column":20},"end":{"line":80,"column":65}},"40":{"start":{"line":82,"column":4},"end":{"line":83,"column":19}}},"fnMap":{"0":{"name":"(anonymous_0)","decl":{"start":{"line":14,"column":17},"end":{"line":14,"column":18}},"loc":{"start":{"line":14,"column":56},"end":{"line":85,"column":1}},"line":14},"1":{"name":"(anonymous_1)","decl":{"start":{"line":17,"column":17},"end":{"line":17,"column":18}},"loc":{"start":{"line":17,"column":37},"end":{"line":21,"column":3}},"line":17},"2":{"name":"(anonymous_2)","decl":{"start":{"line":23,"column":34},"end":{"line":23,"column":35}},"loc":{"start":{"line":23,"column":48},"end":{"line":28,"column":3}},"line":23},"3":{"name":"(anonymous_3)","decl":{"start":{"line":30,"column":69},"end":{"line":30,"column":70}},"loc":{"start":{"line":30,"column":83},"end":{"line":36,"column":3}},"line":30},"4":{"name":"(anonymous_4)","decl":{"start":{"line":38,"column":54},"end":{"line":38,"column":55}},"loc":{"start":{"line":38,"column":68},"end":{"line":44,"column":3}},"line":38},"5":{"name":"(anonymous_5)","decl":{"start":{"line":46,"column":51},"end":{"line":46,"column":52}},"loc":{"start":{"line":46,"column":65},"end":{"line":57,"column":3}},"line":46},"6":{"name":"(anonymous_6)","decl":{"start":{"line":59,"column":60},"end":{"line":59,"column":61}},"loc":{"start":{"line":59,"column":80},"end":{"line":65,"column":3}},"line":59},"7":{"name":"(anonymous_7)","decl":{"start":{"line":68,"column":81},"end":{"line":68,"column":82}},"loc":{"start":{"line":68,"column":101},"end":{"line":75,"column":3}},"line":68},"8":{"name":"(anonymous_8)","decl":{"start":{"line":77,"column":124},"end":{"line":77,"column":125}},"loc":{"start":{"line":77,"column":144},"end":{"line":84,"column":3}},"line":77}},"branchMap":{"0":{"loc":{"start":{"line":50,"column":4},"end":{"line":53,"column":5}},"type":"if","locations":[{"start":{"line":50,"column":4},"end":{"line":53,"column":5}},{"start":{"line":50,"column":4},"end":{"line":53,"column":5}}],"line":50}},"s":{"0":1,"1":1,"2":1,"3":1,"4":1,"5":1,"6":1,"7":1,"8":11,"9":11,"10":3,"11":3,"12":11,"13":1,"14":1,"15":11,"16":1,"17":1,"18":1,"19":11,"20":1,"21":1,"22":1,"23":11,"24":2,"25":2,"26":2,"27":0,"28":2,"29":11,"30":0,"31":0,"32":0,"33":11,"34":0,"35":0,"36":0,"37":11,"38":0,"39":0,"40":0},"f":{"0":11,"1":3,"2":1,"3":1,"4":1,"5":2,"6":0,"7":0,"8":0},"b":{"0":[0,2]},"_coverageSchema":"1a1c01bbd47fc00a2c39e90264f33305004495a9","hash":"94203c2cd90a8dbb27de181ebc55ea9a7241c080"}
,"D:\\1. Develop\\2. ОБучение\\2. NodeJS\\2. Projects\\1. Buy_and_sell\\1805971-buy-and-sell-3\\src\\service\\api\\search.js": {"path":"D:\\1. Develop\\2. ОБучение\\2. NodeJS\\2. Projects\\1. Buy_and_sell\\1805971-buy-and-sell-3\\src\\service\\api\\search.js","statementMap":{"0":{"start":{"line":3,"column":17},"end":{"line":3,"column":35}},"1":{"start":{"line":4,"column":19},"end":{"line":4,"column":45}},"2":{"start":{"line":6,"column":14},"end":{"line":6,"column":26}},"3":{"start":{"line":8,"column":0},"end":{"line":25,"column":2}},"4":{"start":{"line":9,"column":2},"end":{"line":9,"column":28}},"5":{"start":{"line":11,"column":2},"end":{"line":24,"column":5}},"6":{"start":{"line":12,"column":25},"end":{"line":12,"column":34}},"7":{"start":{"line":14,"column":4},"end":{"line":17,"column":5}},"8":{"start":{"line":15,"column":6},"end":{"line":15,"column":48}},"9":{"start":{"line":16,"column":6},"end":{"line":16,"column":13}},"10":{"start":{"line":19,"column":26},"end":{"line":19,"column":54}},"11":{"start":{"line":20,"column":25},"end":{"line":20,"column":84}},"12":{"start":{"line":22,"column":4},"end":{"line":23,"column":27}}},"fnMap":{"0":{"name":"(anonymous_0)","decl":{"start":{"line":8,"column":17},"end":{"line":8,"column":18}},"loc":{"start":{"line":8,"column":35},"end":{"line":25,"column":1}},"line":8},"1":{"name":"(anonymous_1)","decl":{"start":{"line":11,"column":17},"end":{"line":11,"column":18}},"loc":{"start":{"line":11,"column":37},"end":{"line":24,"column":3}},"line":11}},"branchMap":{"0":{"loc":{"start":{"line":12,"column":11},"end":{"line":12,"column":21}},"type":"default-arg","locations":[{"start":{"line":12,"column":19},"end":{"line":12,"column":21}}],"line":12},"1":{"loc":{"start":{"line":14,"column":4},"end":{"line":17,"column":5}},"type":"if","locations":[{"start":{"line":14,"column":4},"end":{"line":17,"column":5}},{"start":{"line":14,"column":4},"end":{"line":17,"column":5}}],"line":14},"2":{"loc":{"start":{"line":20,"column":25},"end":{"line":20,"column":84}},"type":"cond-expr","locations":[{"start":{"line":20,"column":52},"end":{"line":20,"column":63}},{"start":{"line":20,"column":66},"end":{"line":20,"column":84}}],"line":20}},"s":{"0":1,"1":1,"2":1,"3":1,"4":1,"5":1,"6":3,"7":3,"8":1,"9":1,"10":2,"11":2,"12":2},"f":{"0":1,"1":3},"b":{"0":[1],"1":[1,2],"2":[1,1]},"_coverageSchema":"1a1c01bbd47fc00a2c39e90264f33305004495a9","hash":"0db4778eee78e2edd82b2a4056bcc3c2ec4ee6c3"}
,"D:\\1. Develop\\2. ОБучение\\2. NodeJS\\2. Projects\\1. Buy_and_sell\\1805971-buy-and-sell-3\\src\\service\\data-service\\category.js": {"path":"D:\\1. Develop\\2. ОБучение\\2. NodeJS\\2. Projects\\1. Buy_and_sell\\1805971-buy-and-sell-3\\src\\service\\data-service\\category.js","statementMap":{"0":{"start":{"line":5,"column":4},"end":{"line":5,"column":26}},"1":{"start":{"line":9,"column":23},"end":{"line":12,"column":17}},"2":{"start":{"line":10,"column":6},"end":{"line":10,"column":62}},"3":{"start":{"line":10,"column":43},"end":{"line":10,"column":60}},"4":{"start":{"line":11,"column":6},"end":{"line":11,"column":17}},"5":{"start":{"line":14,"column":4},"end":{"line":14,"column":27}},"6":{"start":{"line":18,"column":0},"end":{"line":18,"column":33}}},"fnMap":{"0":{"name":"(anonymous_0)","decl":{"start":{"line":4,"column":2},"end":{"line":4,"column":3}},"loc":{"start":{"line":4,"column":22},"end":{"line":6,"column":3}},"line":4},"1":{"name":"(anonymous_1)","decl":{"start":{"line":8,"column":2},"end":{"line":8,"column":3}},"loc":{"start":{"line":8,"column":12},"end":{"line":15,"column":3}},"line":8},"2":{"name":"(anonymous_2)","decl":{"start":{"line":9,"column":43},"end":{"line":9,"column":44}},"loc":{"start":{"line":9,"column":59},"end":{"line":12,"column":5}},"line":9},"3":{"name":"(anonymous_3)","decl":{"start":{"line":10,"column":29},"end":{"line":10,"column":30}},"loc":{"start":{"line":10,"column":43},"end":{"line":10,"column":60}},"line":10}},"branchMap":{},"s":{"0":1,"1":1,"2":10,"3":10,"4":10,"5":1,"6":1},"f":{"0":1,"1":1,"2":10,"3":10},"b":{},"_coverageSchema":"1a1c01bbd47fc00a2c39e90264f33305004495a9","hash":"c9cfcd82a48de50908491048ba5b9ea71e67ee30"}
,"D:\\1. Develop\\2. ОБучение\\2. NodeJS\\2. Projects\\1. Buy_and_sell\\1805971-buy-and-sell-3\\src\\service\\data-service\\comment.js": {"path":"D:\\1. Develop\\2. ОБучение\\2. NodeJS\\2. Projects\\1. Buy_and_sell\\1805971-buy-and-sell-3\\src\\service\\data-service\\comment.js","statementMap":{"0":{"start":{"line":3,"column":17},"end":{"line":3,"column":34}},"1":{"start":{"line":5,"column":22},"end":{"line":5,"column":23}},"2":{"start":{"line":9,"column":4},"end":{"line":9,"column":26}},"3":{"start":{"line":13,"column":4},"end":{"line":21,"column":5}},"4":{"start":{"line":14,"column":20},"end":{"line":14,"column":68}},"5":{"start":{"line":14,"column":48},"end":{"line":14,"column":67}},"6":{"start":{"line":15,"column":28},"end":{"line":18,"column":12}},"7":{"start":{"line":16,"column":8},"end":{"line":16,"column":28}},"8":{"start":{"line":17,"column":8},"end":{"line":17,"column":19}},"9":{"start":{"line":20,"column":6},"end":{"line":20,"column":27}},"10":{"start":{"line":23,"column":4},"end":{"line":23,"column":52}},"11":{"start":{"line":23,"column":37},"end":{"line":23,"column":50}},"12":{"start":{"line":27,"column":18},"end":{"line":27,"column":66}},"13":{"start":{"line":27,"column":46},"end":{"line":27,"column":65}},"14":{"start":{"line":28,"column":4},"end":{"line":28,"column":64}},"15":{"start":{"line":28,"column":41},"end":{"line":28,"column":62}},"16":{"start":{"line":32,"column":23},"end":{"line":33,"column":48}},"17":{"start":{"line":35,"column":18},"end":{"line":35,"column":66}},"18":{"start":{"line":35,"column":46},"end":{"line":35,"column":65}},"19":{"start":{"line":36,"column":4},"end":{"line":36,"column":36}},"20":{"start":{"line":38,"column":4},"end":{"line":38,"column":22}},"21":{"start":{"line":42,"column":18},"end":{"line":42,"column":66}},"22":{"start":{"line":42,"column":46},"end":{"line":42,"column":65}},"23":{"start":{"line":44,"column":4},"end":{"line":46,"column":5}},"24":{"start":{"line":45,"column":6},"end":{"line":45,"column":18}},"25":{"start":{"line":48,"column":20},"end":{"line":48,"column":72}},"26":{"start":{"line":48,"column":50},"end":{"line":48,"column":71}},"27":{"start":{"line":50,"column":4},"end":{"line":52,"column":5}},"28":{"start":{"line":51,"column":6},"end":{"line":51,"column":18}},"29":{"start":{"line":54,"column":4},"end":{"line":54,"column":75}},"30":{"start":{"line":54,"column":52},"end":{"line":54,"column":73}},"31":{"start":{"line":56,"column":4},"end":{"line":56,"column":19}},"32":{"start":{"line":60,"column":0},"end":{"line":60,"column":32}}},"fnMap":{"0":{"name":"(anonymous_0)","decl":{"start":{"line":8,"column":2},"end":{"line":8,"column":3}},"loc":{"start":{"line":8,"column":22},"end":{"line":10,"column":3}},"line":8},"1":{"name":"(anonymous_1)","decl":{"start":{"line":12,"column":2},"end":{"line":12,"column":3}},"loc":{"start":{"line":12,"column":19},"end":{"line":24,"column":3}},"line":12},"2":{"name":"(anonymous_2)","decl":{"start":{"line":14,"column":38},"end":{"line":14,"column":39}},"loc":{"start":{"line":14,"column":48},"end":{"line":14,"column":67}},"line":14},"3":{"name":"(anonymous_3)","decl":{"start":{"line":15,"column":50},"end":{"line":15,"column":51}},"loc":{"start":{"line":15,"column":65},"end":{"line":18,"column":7}},"line":15},"4":{"name":"(anonymous_4)","decl":{"start":{"line":23,"column":28},"end":{"line":23,"column":29}},"loc":{"start":{"line":23,"column":37},"end":{"line":23,"column":50}},"line":23},"5":{"name":"(anonymous_5)","decl":{"start":{"line":26,"column":2},"end":{"line":26,"column":3}},"loc":{"start":{"line":26,"column":30},"end":{"line":29,"column":3}},"line":26},"6":{"name":"(anonymous_6)","decl":{"start":{"line":27,"column":36},"end":{"line":27,"column":37}},"loc":{"start":{"line":27,"column":46},"end":{"line":27,"column":65}},"line":27},"7":{"name":"(anonymous_7)","decl":{"start":{"line":28,"column":31},"end":{"line":28,"column":32}},"loc":{"start":{"line":28,"column":41},"end":{"line":28,"column":62}},"line":28},"8":{"name":"(anonymous_8)","decl":{"start":{"line":31,"column":2},"end":{"line":31,"column":3}},"loc":{"start":{"line":31,"column":26},"end":{"line":39,"column":3}},"line":31},"9":{"name":"(anonymous_9)","decl":{"start":{"line":35,"column":36},"end":{"line":35,"column":37}},"loc":{"start":{"line":35,"column":46},"end":{"line":35,"column":65}},"line":35},"10":{"name":"(anonymous_10)","decl":{"start":{"line":41,"column":2},"end":{"line":41,"column":3}},"loc":{"start":{"line":41,"column":27},"end":{"line":57,"column":3}},"line":41},"11":{"name":"(anonymous_11)","decl":{"start":{"line":42,"column":36},"end":{"line":42,"column":37}},"loc":{"start":{"line":42,"column":46},"end":{"line":42,"column":65}},"line":42},"12":{"name":"(anonymous_12)","decl":{"start":{"line":48,"column":40},"end":{"line":48,"column":41}},"loc":{"start":{"line":48,"column":50},"end":{"line":48,"column":71}},"line":48},"13":{"name":"(anonymous_13)","decl":{"start":{"line":54,"column":43},"end":{"line":54,"column":44}},"loc":{"start":{"line":54,"column":52},"end":{"line":54,"column":73}},"line":54}},"branchMap":{"0":{"loc":{"start":{"line":13,"column":4},"end":{"line":21,"column":5}},"type":"if","locations":[{"start":{"line":13,"column":4},"end":{"line":21,"column":5}},{"start":{"line":13,"column":4},"end":{"line":21,"column":5}}],"line":13},"1":{"loc":{"start":{"line":44,"column":4},"end":{"line":46,"column":5}},"type":"if","locations":[{"start":{"line":44,"column":4},"end":{"line":46,"column":5}},{"start":{"line":44,"column":4},"end":{"line":46,"column":5}}],"line":44},"2":{"loc":{"start":{"line":50,"column":4},"end":{"line":52,"column":5}},"type":"if","locations":[{"start":{"line":50,"column":4},"end":{"line":52,"column":5}},{"start":{"line":50,"column":4},"end":{"line":52,"column":5}}],"line":50}},"s":{"0":2,"1":2,"2":12,"3":1,"4":0,"5":0,"6":0,"7":0,"8":0,"9":0,"10":1,"11":10,"12":0,"13":0,"14":0,"15":0,"16":0,"17":0,"18":0,"19":0,"20":0,"21":0,"22":0,"23":0,"24":0,"25":0,"26":0,"27":0,"28":0,"29":0,"30":0,"31":0,"32":2},"f":{"0":12,"1":1,"2":0,"3":0,"4":10,"5":0,"6":0,"7":0,"8":0,"9":0,"10":0,"11":0,"12":0,"13":0},"b":{"0":[0,1],"1":[0,0],"2":[0,0]},"_coverageSchema":"1a1c01bbd47fc00a2c39e90264f33305004495a9","hash":"f2e38a43b835dc43e225d6f88cfe0508b1d0b31c"}
,"D:\\1. Develop\\2. ОБучение\\2. NodeJS\\2. Projects\\1. Buy_and_sell\\1805971-buy-and-sell-3\\src\\service\\data-service\\offer.js": {"path":"D:\\1. Develop\\2. ОБучение\\2. NodeJS\\2. Projects\\1. Buy_and_sell\\1805971-buy-and-sell-3\\src\\service\\data-service\\offer.js","statementMap":{"0":{"start":{"line":3,"column":17},"end":{"line":3,"column":34}},"1":{"start":{"line":5,"column":22},"end":{"line":5,"column":23}},"2":{"start":{"line":9,"column":4},"end":{"line":9,"column":26}},"3":{"start":{"line":13,"column":21},"end":{"line":14,"column":63}},"4":{"start":{"line":16,"column":4},"end":{"line":16,"column":32}},"5":{"start":{"line":17,"column":4},"end":{"line":17,"column":20}},"6":{"start":{"line":21,"column":18},"end":{"line":21,"column":61}},"7":{"start":{"line":21,"column":46},"end":{"line":21,"column":60}},"8":{"start":{"line":23,"column":4},"end":{"line":25,"column":5}},"9":{"start":{"line":24,"column":6},"end":{"line":24,"column":18}},"10":{"start":{"line":27,"column":4},"end":{"line":27,"column":65}},"11":{"start":{"line":27,"column":49},"end":{"line":27,"column":63}},"12":{"start":{"line":28,"column":4},"end":{"line":28,"column":17}},"13":{"start":{"line":32,"column":4},"end":{"line":32,"column":24}},"14":{"start":{"line":36,"column":4},"end":{"line":36,"column":55}},"15":{"start":{"line":36,"column":39},"end":{"line":36,"column":53}},"16":{"start":{"line":40,"column":21},"end":{"line":41,"column":37}},"17":{"start":{"line":41,"column":22},"end":{"line":41,"column":36}},"18":{"start":{"line":43,"column":4},"end":{"line":43,"column":42}},"19":{"start":{"line":48,"column":0},"end":{"line":48,"column":30}}},"fnMap":{"0":{"name":"(anonymous_0)","decl":{"start":{"line":8,"column":2},"end":{"line":8,"column":3}},"loc":{"start":{"line":8,"column":22},"end":{"line":10,"column":3}},"line":8},"1":{"name":"(anonymous_1)","decl":{"start":{"line":12,"column":2},"end":{"line":12,"column":3}},"loc":{"start":{"line":12,"column":16},"end":{"line":18,"column":3}},"line":12},"2":{"name":"(anonymous_2)","decl":{"start":{"line":20,"column":2},"end":{"line":20,"column":3}},"loc":{"start":{"line":20,"column":11},"end":{"line":29,"column":3}},"line":20},"3":{"name":"(anonymous_3)","decl":{"start":{"line":21,"column":36},"end":{"line":21,"column":37}},"loc":{"start":{"line":21,"column":46},"end":{"line":21,"column":60}},"line":21},"4":{"name":"(anonymous_4)","decl":{"start":{"line":27,"column":39},"end":{"line":27,"column":40}},"loc":{"start":{"line":27,"column":49},"end":{"line":27,"column":63}},"line":27},"5":{"name":"(anonymous_5)","decl":{"start":{"line":31,"column":2},"end":{"line":31,"column":3}},"loc":{"start":{"line":31,"column":12},"end":{"line":33,"column":3}},"line":31},"6":{"name":"(anonymous_6)","decl":{"start":{"line":35,"column":2},"end":{"line":35,"column":3}},"loc":{"start":{"line":35,"column":14},"end":{"line":37,"column":3}},"line":35},"7":{"name":"(anonymous_7)","decl":{"start":{"line":36,"column":29},"end":{"line":36,"column":30}},"loc":{"start":{"line":36,"column":39},"end":{"line":36,"column":53}},"line":36},"8":{"name":"(anonymous_8)","decl":{"start":{"line":39,"column":2},"end":{"line":39,"column":3}},"loc":{"start":{"line":39,"column":20},"end":{"line":44,"column":3}},"line":39},"9":{"name":"(anonymous_9)","decl":{"start":{"line":41,"column":12},"end":{"line":41,"column":13}},"loc":{"start":{"line":41,"column":22},"end":{"line":41,"column":36}},"line":41}},"branchMap":{"0":{"loc":{"start":{"line":23,"column":4},"end":{"line":25,"column":5}},"type":"if","locations":[{"start":{"line":23,"column":4},"end":{"line":25,"column":5}},{"start":{"line":23,"column":4},"end":{"line":25,"column":5}}],"line":23}},"s":{"0":1,"1":1,"2":11,"3":1,"4":1,"5":1,"6":1,"7":9,"8":1,"9":0,"10":1,"11":11,"12":1,"13":3,"14":10,"15":75,"16":1,"17":7,"18":1,"19":1},"f":{"0":11,"1":1,"2":1,"3":9,"4":11,"5":3,"6":10,"7":75,"8":1,"9":7},"b":{"0":[0,1]},"_coverageSchema":"1a1c01bbd47fc00a2c39e90264f33305004495a9","hash":"7fb29f50cd97667b0ee02d0b6a4103a405cf84d9"}
,"D:\\1. Develop\\2. ОБучение\\2. NodeJS\\2. Projects\\1. Buy_and_sell\\1805971-buy-and-sell-3\\src\\service\\data-service\\search.js": {"path":"D:\\1. Develop\\2. ОБучение\\2. NodeJS\\2. Projects\\1. Buy_and_sell\\1805971-buy-and-sell-3\\src\\service\\data-service\\search.js","statementMap":{"0":{"start":{"line":5,"column":4},"end":{"line":5,"column":26}},"1":{"start":{"line":9,"column":4},"end":{"line":9,"column":102}},"2":{"start":{"line":9,"column":41},"end":{"line":9,"column":100}},"3":{"start":{"line":13,"column":0},"end":{"line":13,"column":31}}},"fnMap":{"0":{"name":"(anonymous_0)","decl":{"start":{"line":4,"column":2},"end":{"line":4,"column":3}},"loc":{"start":{"line":4,"column":22},"end":{"line":6,"column":3}},"line":4},"1":{"name":"(anonymous_1)","decl":{"start":{"line":8,"column":2},"end":{"line":8,"column":3}},"loc":{"start":{"line":8,"column":22},"end":{"line":10,"column":3}},"line":8},"2":{"name":"(anonymous_2)","decl":{"start":{"line":9,"column":31},"end":{"line":9,"column":32}},"loc":{"start":{"line":9,"column":41},"end":{"line":9,"column":100}},"line":9}},"branchMap":{},"s":{"0":1,"1":2,"2":20,"3":1},"f":{"0":1,"1":2,"2":20},"b":{},"_coverageSchema":"1a1c01bbd47fc00a2c39e90264f33305004495a9","hash":"df16a7ade0640448b984d135c3fc891e815f229b"}
,"D:\\1. Develop\\2. ОБучение\\2. NodeJS\\2. Projects\\1. Buy_and_sell\\1805971-buy-and-sell-3\\src\\service\\middlewares\\comment-exist.js": {"path":"D:\\1. Develop\\2. ОБучение\\2. NodeJS\\2. Projects\\1. Buy_and_sell\\1805971-buy-and-sell-3\\src\\service\\middlewares\\comment-exist.js","statementMap":{"0":{"start":{"line":3,"column":19},"end":{"line":3,"column":45}},"1":{"start":{"line":5,"column":0},"end":{"line":15,"column":2}},"2":{"start":{"line":5,"column":30},"end":{"line":15,"column":1}},"3":{"start":{"line":6,"column":31},"end":{"line":6,"column":41}},"4":{"start":{"line":7,"column":18},"end":{"line":7,"column":59}},"5":{"start":{"line":9,"column":2},"end":{"line":12,"column":3}},"6":{"start":{"line":10,"column":4},"end":{"line":11,"column":51}},"7":{"start":{"line":14,"column":2},"end":{"line":14,"column":16}}},"fnMap":{"0":{"name":"(anonymous_0)","decl":{"start":{"line":5,"column":17},"end":{"line":5,"column":18}},"loc":{"start":{"line":5,"column":30},"end":{"line":15,"column":1}},"line":5},"1":{"name":"(anonymous_1)","decl":{"start":{"line":5,"column":30},"end":{"line":5,"column":31}},"loc":{"start":{"line":5,"column":56},"end":{"line":15,"column":1}},"line":5}},"branchMap":{"0":{"loc":{"start":{"line":9,"column":2},"end":{"line":12,"column":3}},"type":"if","locations":[{"start":{"line":9,"column":2},"end":{"line":12,"column":3}},{"start":{"line":9,"column":2},"end":{"line":12,"column":3}}],"line":9}},"s":{"0":1,"1":1,"2":11,"3":0,"4":0,"5":0,"6":0,"7":0},"f":{"0":11,"1":0},"b":{"0":[0,0]},"_coverageSchema":"1a1c01bbd47fc00a2c39e90264f33305004495a9","hash":"04993fb4321ae13880bb2ff10de22e1c0d2e9621"}
,"D:\\1. Develop\\2. ОБучение\\2. NodeJS\\2. Projects\\1. Buy_and_sell\\1805971-buy-and-sell-3\\src\\service\\middlewares\\comment-validator.js": {"path":"D:\\1. Develop\\2. ОБучение\\2. NodeJS\\2. Projects\\1. Buy_and_sell\\1805971-buy-and-sell-3\\src\\service\\middlewares\\comment-validator.js","statementMap":{"0":{"start":{"line":3,"column":19},"end":{"line":3,"column":45}},"1":{"start":{"line":5,"column":20},"end":{"line":5,"column":28}},"2":{"start":{"line":7,"column":0},"end":{"line":19,"column":2}},"3":{"start":{"line":8,"column":21},"end":{"line":8,"column":29}},"4":{"start":{"line":10,"column":15},"end":{"line":10,"column":38}},"5":{"start":{"line":11,"column":21},"end":{"line":11,"column":67}},"6":{"start":{"line":11,"column":48},"end":{"line":11,"column":66}},"7":{"start":{"line":13,"column":2},"end":{"line":16,"column":3}},"8":{"start":{"line":14,"column":4},"end":{"line":15,"column":27}},"9":{"start":{"line":18,"column":2},"end":{"line":18,"column":16}}},"fnMap":{"0":{"name":"(anonymous_0)","decl":{"start":{"line":7,"column":17},"end":{"line":7,"column":18}},"loc":{"start":{"line":7,"column":37},"end":{"line":19,"column":1}},"line":7},"1":{"name":"(anonymous_1)","decl":{"start":{"line":11,"column":39},"end":{"line":11,"column":40}},"loc":{"start":{"line":11,"column":48},"end":{"line":11,"column":66}},"line":11}},"branchMap":{"0":{"loc":{"start":{"line":13,"column":2},"end":{"line":16,"column":3}},"type":"if","locations":[{"start":{"line":13,"column":2},"end":{"line":16,"column":3}},{"start":{"line":13,"column":2},"end":{"line":16,"column":3}}],"line":13}},"s":{"0":1,"1":1,"2":1,"3":0,"4":0,"5":0,"6":0,"7":0,"8":0,"9":0},"f":{"0":0,"1":0},"b":{"0":[0,0]},"_coverageSchema":"1a1c01bbd47fc00a2c39e90264f33305004495a9","hash":"132c3ea44868839909b53a172ce88a7798c23a69"}
,"D:\\1. Develop\\2. ОБучение\\2. NodeJS\\2. Projects\\1. Buy_and_sell\\1805971-buy-and-sell-3\\src\\service\\middlewares\\offer-exists.js": {"path":"D:\\1. Develop\\2. ОБучение\\2. NodeJS\\2. Projects\\1. Buy_and_sell\\1805971-buy-and-sell-3\\src\\service\\middlewares\\offer-exists.js","statementMap":{"0":{"start":{"line":3,"column":19},"end":{"line":3,"column":45}},"1":{"start":{"line":5,"column":0},"end":{"line":15,"column":2}},"2":{"start":{"line":5,"column":30},"end":{"line":15,"column":1}},"3":{"start":{"line":6,"column":20},"end":{"line":6,"column":30}},"4":{"start":{"line":7,"column":16},"end":{"line":7,"column":46}},"5":{"start":{"line":9,"column":2},"end":{"line":12,"column":3}},"6":{"start":{"line":10,"column":4},"end":{"line":11,"column":47}},"7":{"start":{"line":14,"column":2},"end":{"line":14,"column":16}}},"fnMap":{"0":{"name":"(anonymous_0)","decl":{"start":{"line":5,"column":17},"end":{"line":5,"column":18}},"loc":{"start":{"line":5,"column":30},"end":{"line":15,"column":1}},"line":5},"1":{"name":"(anonymous_1)","decl":{"start":{"line":5,"column":30},"end":{"line":5,"column":31}},"loc":{"start":{"line":5,"column":56},"end":{"line":15,"column":1}},"line":5}},"branchMap":{"0":{"loc":{"start":{"line":9,"column":2},"end":{"line":12,"column":3}},"type":"if","locations":[{"start":{"line":9,"column":2},"end":{"line":12,"column":3}},{"start":{"line":9,"column":2},"end":{"line":12,"column":3}}],"line":9}},"s":{"0":1,"1":1,"2":66,"3":8,"4":8,"5":8,"6":4,"7":4},"f":{"0":66,"1":8},"b":{"0":[4,4]},"_coverageSchema":"1a1c01bbd47fc00a2c39e90264f33305004495a9","hash":"80b1a6a29fd92809a94a7776ef6412849179bbd9"}
,"D:\\1. Develop\\2. ОБучение\\2. NodeJS\\2. Projects\\1. Buy_and_sell\\1805971-buy-and-sell-3\\src\\service\\middlewares\\offer-validator.js": {"path":"D:\\1. Develop\\2. ОБучение\\2. NodeJS\\2. Projects\\1. Buy_and_sell\\1805971-buy-and-sell-3\\src\\service\\middlewares\\offer-validator.js","statementMap":{"0":{"start":{"line":3,"column":19},"end":{"line":3,"column":45}},"1":{"start":{"line":5,"column":18},"end":{"line":5,"column":80}},"2":{"start":{"line":7,"column":0},"end":{"line":18,"column":2}},"3":{"start":{"line":8,"column":19},"end":{"line":8,"column":27}},"4":{"start":{"line":9,"column":15},"end":{"line":9,"column":36}},"5":{"start":{"line":10,"column":21},"end":{"line":10,"column":65}},"6":{"start":{"line":10,"column":46},"end":{"line":10,"column":64}},"7":{"start":{"line":12,"column":2},"end":{"line":15,"column":3}},"8":{"start":{"line":13,"column":4},"end":{"line":14,"column":27}},"9":{"start":{"line":17,"column":2},"end":{"line":17,"column":16}}},"fnMap":{"0":{"name":"(anonymous_0)","decl":{"start":{"line":7,"column":17},"end":{"line":7,"column":18}},"loc":{"start":{"line":7,"column":37},"end":{"line":18,"column":1}},"line":7},"1":{"name":"(anonymous_1)","decl":{"start":{"line":10,"column":37},"end":{"line":10,"column":38}},"loc":{"start":{"line":10,"column":46},"end":{"line":10,"column":64}},"line":10}},"branchMap":{"0":{"loc":{"start":{"line":12,"column":2},"end":{"line":15,"column":3}},"type":"if","locations":[{"start":{"line":12,"column":2},"end":{"line":15,"column":3}},{"start":{"line":12,"column":2},"end":{"line":15,"column":3}}],"line":12}},"s":{"0":1,"1":1,"2":1,"3":10,"4":10,"5":10,"6":45,"7":10,"8":7,"9":3},"f":{"0":10,"1":45},"b":{"0":[7,3]},"_coverageSchema":"1a1c01bbd47fc00a2c39e90264f33305004495a9","hash":"516d6e16a2be8365cecd880fd54433e52e7dc3b9"}
}
