TN:
SF:src\constants.js
FNF:0
FNH:0
DA:3,4
DA:4,4
DA:6,4
DA:11,4
DA:15,4
DA:25,4
DA:27,4
LF:7
LH:7
BRF:0
BRH:0
end_of_record
TN:
SF:src\service\api\category.js
FN:8,(anonymous_0)
FN:11,(anonymous_1)
FNF:2
FNH:2
FNDA:1,(anonymous_0)
FNDA:1,(anonymous_1)
DA:3,1
DA:4,1
DA:6,1
DA:8,1
DA:9,1
DA:11,1
DA:12,1
DA:13,1
LF:8
LH:8
BRF:0
BRH:0
end_of_record
TN:
SF:src\service\api\comment.js
FN:8,(anonymous_0)
FN:11,(anonymous_1)
FNF:2
FNH:2
FNDA:1,(anonymous_0)
FNDA:1,(anonymous_1)
DA:3,1
DA:4,1
DA:6,1
DA:8,1
DA:9,1
DA:11,1
DA:12,1
DA:14,1
LF:8
LH:8
BRF:0
BRH:0
end_of_record
TN:
SF:src\service\api\offer.js
FN:14,(anonymous_0)
FN:17,(anonymous_1)
FN:23,(anonymous_2)
FN:30,(anonymous_3)
FN:38,(anonymous_4)
FN:46,(anonymous_5)
FN:59,(anonymous_6)
FN:68,(anonymous_7)
FN:77,(anonymous_8)
FNF:9
FNH:6
FNDA:11,(anonymous_0)
FNDA:3,(anonymous_1)
FNDA:1,(anonymous_2)
FNDA:1,(anonymous_3)
FNDA:1,(anonymous_4)
FNDA:2,(anonymous_5)
FNDA:0,(anonymous_6)
FNDA:0,(anonymous_7)
FNDA:0,(anonymous_8)
DA:3,1
DA:5,1
DA:6,1
DA:7,1
DA:8,1
DA:9,1
DA:12,1
DA:14,1
DA:15,11
DA:17,11
DA:18,3
DA:19,3
DA:23,11
DA:24,1
DA:26,1
DA:30,11
DA:31,1
DA:32,1
DA:34,1
DA:38,11
DA:39,1
DA:40,1
DA:42,1
DA:46,11
DA:47,2
DA:48,2
DA:50,2
DA:51,0
DA:55,2
DA:59,11
DA:60,0
DA:61,0
DA:63,0
DA:68,11
DA:69,0
DA:71,0
DA:73,0
DA:77,11
DA:78,0
DA:80,0
DA:82,0
LF:41
LH:31
BRDA:50,0,0,0
BRDA:50,0,1,2
BRF:2
BRH:1
end_of_record
TN:
SF:src\service\api\search.js
FN:8,(anonymous_0)
FN:11,(anonymous_1)
FNF:2
FNH:2
FNDA:1,(anonymous_0)
FNDA:3,(anonymous_1)
DA:3,1
DA:4,1
DA:6,1
DA:8,1
DA:9,1
DA:11,1
DA:12,3
DA:14,3
DA:15,1
DA:16,1
DA:19,2
DA:20,2
DA:22,2
LF:13
LH:13
BRDA:12,0,0,1
BRDA:14,1,0,1
BRDA:14,1,1,2
BRDA:20,2,0,1
BRDA:20,2,1,1
BRF:5
BRH:5
end_of_record
TN:
SF:src\service\data-service\category.js
FN:4,(anonymous_0)
FN:8,(anonymous_1)
FN:9,(anonymous_2)
FN:10,(anonymous_3)
FNF:4
FNH:4
FNDA:1,(anonymous_0)
FNDA:1,(anonymous_1)
FNDA:10,(anonymous_2)
FNDA:10,(anonymous_3)
DA:5,1
DA:9,1
DA:10,10
DA:11,10
DA:14,1
DA:18,1
LF:6
LH:6
BRF:0
BRH:0
end_of_record
TN:
SF:src\service\data-service\comment.js
FN:8,(anonymous_0)
FN:12,(anonymous_1)
FN:14,(anonymous_2)
FN:15,(anonymous_3)
FN:23,(anonymous_4)
FN:26,(anonymous_5)
FN:27,(anonymous_6)
FN:28,(anonymous_7)
FN:31,(anonymous_8)
FN:35,(anonymous_9)
FN:41,(anonymous_10)
FN:42,(anonymous_11)
FN:48,(anonymous_12)
FN:54,(anonymous_13)
FNF:14
FNH:3
FNDA:12,(anonymous_0)
FNDA:1,(anonymous_1)
FNDA:0,(anonymous_2)
FNDA:0,(anonymous_3)
FNDA:10,(anonymous_4)
FNDA:0,(anonymous_5)
FNDA:0,(anonymous_6)
FNDA:0,(anonymous_7)
FNDA:0,(anonymous_8)
FNDA:0,(anonymous_9)
FNDA:0,(anonymous_10)
FNDA:0,(anonymous_11)
FNDA:0,(anonymous_12)
FNDA:0,(anonymous_13)
DA:3,2
DA:5,2
DA:9,12
DA:13,1
DA:14,0
DA:15,0
DA:16,0
DA:17,0
DA:20,0
DA:23,10
DA:27,0
DA:28,0
DA:32,0
DA:35,0
DA:36,0
DA:38,0
DA:42,0
DA:44,0
DA:45,0
DA:48,0
DA:50,0
DA:51,0
DA:54,0
DA:56,0
DA:60,2
LF:25
LH:6
BRDA:13,0,0,0
BRDA:13,0,1,1
BRDA:44,1,0,0
BRDA:44,1,1,0
BRDA:50,2,0,0
BRDA:50,2,1,0
BRF:6
BRH:1
end_of_record
TN:
SF:src\service\data-service\offer.js
FN:8,(anonymous_0)
FN:12,(anonymous_1)
FN:20,(anonymous_2)
FN:21,(anonymous_3)
FN:27,(anonymous_4)
FN:31,(anonymous_5)
FN:35,(anonymous_6)
FN:36,(anonymous_7)
FN:39,(anonymous_8)
FN:41,(anonymous_9)
FNF:10
FNH:10
FNDA:11,(anonymous_0)
FNDA:1,(anonymous_1)
FNDA:1,(anonymous_2)
FNDA:9,(anonymous_3)
FNDA:11,(anonymous_4)
FNDA:3,(anonymous_5)
FNDA:10,(anonymous_6)
FNDA:75,(anonymous_7)
FNDA:1,(anonymous_8)
FNDA:7,(anonymous_9)
DA:3,1
DA:5,1
DA:9,11
DA:13,1
DA:16,1
DA:17,1
DA:21,9
DA:23,1
DA:24,0
DA:27,11
DA:28,1
DA:32,3
DA:36,75
DA:40,1
DA:41,7
DA:43,1
DA:48,1
LF:17
LH:16
BRDA:23,0,0,0
BRDA:23,0,1,1
BRF:2
BRH:1
end_of_record
TN:
SF:src\service\data-service\search.js
FN:4,(anonymous_0)
FN:8,(anonymous_1)
FN:9,(anonymous_2)
FNF:3
FNH:3
FNDA:1,(anonymous_0)
FNDA:2,(anonymous_1)
FNDA:20,(anonymous_2)
DA:5,1
DA:9,20
DA:13,1
LF:3
LH:3
BRF:0
BRH:0
end_of_record
TN:
SF:src\service\middlewares\comment-exist.js
FN:5,(anonymous_0)
FN:5,(anonymous_1)
FNF:2
FNH:1
FNDA:11,(anonymous_0)
FNDA:0,(anonymous_1)
DA:3,1
DA:5,11
DA:6,0
DA:7,0
DA:9,0
DA:10,0
DA:14,0
LF:7
LH:2
BRDA:9,0,0,0
BRDA:9,0,1,0
BRF:2
BRH:0
end_of_record
TN:
SF:src\service\middlewares\comment-validator.js
FN:7,(anonymous_0)
FN:11,(anonymous_1)
FNF:2
FNH:0
FNDA:0,(anonymous_0)
FNDA:0,(anonymous_1)
DA:3,1
DA:5,1
DA:7,1
DA:8,0
DA:10,0
DA:11,0
DA:13,0
DA:14,0
DA:18,0
LF:9
LH:3
BRDA:13,0,0,0
BRDA:13,0,1,0
BRF:2
BRH:0
end_of_record
TN:
SF:src\service\middlewares\offer-exists.js
FN:5,(anonymous_0)
FN:5,(anonymous_1)
FNF:2
FNH:2
FNDA:66,(anonymous_0)
FNDA:8,(anonymous_1)
DA:3,1
DA:5,66
DA:6,8
DA:7,8
DA:9,8
DA:10,4
DA:14,4
LF:7
LH:7
BRDA:9,0,0,4
BRDA:9,0,1,4
BRF:2
BRH:2
end_of_record
TN:
SF:src\service\middlewares\offer-validator.js
FN:7,(anonymous_0)
FN:10,(anonymous_1)
FNF:2
FNH:2
FNDA:10,(anonymous_0)
FNDA:45,(anonymous_1)
DA:3,1
DA:5,1
DA:7,1
DA:8,10
DA:9,10
DA:10,45
DA:12,10
DA:13,7
DA:17,3
LF:9
LH:9
BRDA:12,0,0,7
BRDA:12,0,1,3
BRF:2
BRH:2
end_of_record
